<?xml version="1.0" encoding="UTF-8"?>
<robot generator="Robot 3.2.2 (Python 3.9.0 on win32)" generated="20210316 17:10:25.248" rpa="false">
<suite id="s1" name="TC1 Get Request1" source="C:\development\APIProject1\TestCases\TC1_Get_Request1.robot">
<test id="s1-t1" name="Get Single User Info">
<kw name="Create Session" library="RequestsLibrary">
<doc>Create Session: create a HTTP session to a server</doc>
<arguments>
<arg>mysession</arg>
<arg>${base_url}</arg>
</arguments>
<msg timestamp="20210316 17:10:25.412" level="INFO">Creating Session using : alias=mysession, url=https://reqres.in, headers={},                     cookies={}, auth=None, timeout=None, proxies=None, verify=False,                     debug=0 </msg>
<status status="PASS" starttime="20210316 17:10:25.411" endtime="20210316 17:10:25.412"></status>
</kw>
<kw name="Get Request" library="RequestsLibrary">
<doc>Send a GET request on the session object found using the
given `alias`</doc>
<arguments>
<arg>mysession</arg>
<arg>/api/users/${userId}</arg>
</arguments>
<assign>
<var>${response}</var>
</assign>
<msg timestamp="20210316 17:10:25.493" level="INFO">GET Request : url=https://reqres.in/api/users/2 
 path_url=/api/users/2 
 headers={'User-Agent': 'python-requests/2.25.1', 'Accept-Encoding': 'gzip, deflate', 'Accept': '*/*', 'Connection': 'keep-alive'} 
 body=None 
 </msg>
<msg timestamp="20210316 17:10:25.493" level="INFO">GET Response : url=https://reqres.in/api/users/2 
 status=200, reason=OK 
 body={"data":{"id":2,"email":"janet.weaver@reqres.in","first_name":"Janet","last_name":"Weaver","avatar":"https://reqres.in/img/faces/2-image.jpg"},"support":{"url":"https://reqres.in/#support-heading","text":"To keep ReqRes free, contributions towards server costs are appreciated!"}} 
 </msg>
<msg timestamp="20210316 17:10:25.493" level="INFO">c:\users\ram\appdata\local\programs\python\python39\lib\site-packages\urllib3\connectionpool.py:1013: InsecureRequestWarning: Unverified HTTPS request is being made to host 'reqres.in'. Adding certificate verification is strongly advised. See: https://urllib3.readthedocs.io/en/latest/advanced-usage.html#ssl-warnings
  warnings.warn(</msg>
<msg timestamp="20210316 17:10:25.494" level="INFO">${response} = &lt;Response [200]&gt;</msg>
<status status="PASS" starttime="20210316 17:10:25.413" endtime="20210316 17:10:25.494"></status>
</kw>
<kw name="Convert To String" library="BuiltIn">
<doc>Converts the given item to a Unicode string.</doc>
<arguments>
<arg>${response.status_code}</arg>
</arguments>
<assign>
<var>${status_code}</var>
</assign>
<msg timestamp="20210316 17:10:25.495" level="INFO">${status_code} = 200</msg>
<status status="PASS" starttime="20210316 17:10:25.494" endtime="20210316 17:10:25.495"></status>
</kw>
<kw name="Should Be Equal" library="BuiltIn">
<doc>Fails if the given objects are unequal.</doc>
<arguments>
<arg>${status_code}</arg>
<arg>200</arg>
</arguments>
<status status="PASS" starttime="20210316 17:10:25.495" endtime="20210316 17:10:25.495"></status>
</kw>
<kw name="Convert To String" library="BuiltIn">
<doc>Converts the given item to a Unicode string.</doc>
<arguments>
<arg>${response.content}</arg>
</arguments>
<assign>
<var>${body}</var>
</assign>
<msg timestamp="20210316 17:10:25.497" level="INFO">${body} = {"data":{"id":2,"email":"janet.weaver@reqres.in","first_name":"Janet","last_name":"Weaver","avatar":"https://reqres.in/img/faces/2-image.jpg"},"support":{"url":"https://reqres.in/#support-heading","te...</msg>
<status status="PASS" starttime="20210316 17:10:25.496" endtime="20210316 17:10:25.497"></status>
</kw>
<kw name="Should Contain" library="BuiltIn">
<doc>Fails if ``container`` does not contain ``item`` one or more times.</doc>
<arguments>
<arg>${body}</arg>
<arg>janet.weaver@reqres.in</arg>
</arguments>
<status status="PASS" starttime="20210316 17:10:25.497" endtime="20210316 17:10:25.497"></status>
</kw>
<kw name="Convert To String" library="BuiltIn">
<doc>Converts the given item to a Unicode string.</doc>
<arguments>
<arg>get from dictionary</arg>
<arg>${response.header}</arg>
<arg>Content-Type</arg>
</arguments>
<assign>
<var>${contentTypeValue}</var>
</assign>
<msg timestamp="20210316 17:10:25.498" level="FAIL">Resolving variable '${response.header}' failed: AttributeError: 'Response' object has no attribute 'header'</msg>
<status status="FAIL" starttime="20210316 17:10:25.498" endtime="20210316 17:10:25.498"></status>
</kw>
<doc>This test case is to get single user info</doc>
<tags>
<tag>regression</tag>
<tag>smoke</tag>
</tags>
<status status="FAIL" starttime="20210316 17:10:25.411" endtime="20210316 17:10:25.499" critical="yes">Resolving variable '${response.header}' failed: AttributeError: 'Response' object has no attribute 'header'</status>
</test>
<status status="FAIL" starttime="20210316 17:10:25.250" endtime="20210316 17:10:25.501"></status>
</suite>
<statistics>
<total>
<stat pass="0" fail="1">Critical Tests</stat>
<stat pass="0" fail="1">All Tests</stat>
</total>
<tag>
<stat pass="0" fail="1">regression</stat>
<stat pass="0" fail="1">smoke</stat>
</tag>
<suite>
<stat pass="0" fail="1" id="s1" name="TC1 Get Request1">TC1 Get Request1</stat>
</suite>
</statistics>
<errors>
</errors>
</robot>
